[00:06:12] [Netty Worker IO Thread #2/INFO]: [/[0:0:0:0:0:0:0:1%0]:35458|Mapicc4444] -> UpstreamBridge has disconnected
[00:06:12] [Netty Worker IO Thread #2/INFO]: [Mapicc4444] disconnected with: Proxy lost connection to server.
[00:06:12] [Netty Worker IO Thread #2/INFO]: [/[0:0:0:0:0:0:0:1%0]:35458|Mapicc4444] <-> DownstreamBridge <-> [lobby] has disconnected
[00:31:45] [Netty Worker IO Thread #0/INFO] [EaglercraftXBungee]: [/[0:0:0:0:0:0:0:1%0]:37794]: Connected via websocket
[00:31:45] [Netty Worker IO Thread #0/INFO] [EaglercraftXBungee]: [/[0:0:0:0:0:0:0:1%0]:37794]: Origin header is https://eaglercraft.com
[00:31:45] [Netty Worker IO Thread #0/INFO] [EaglercraftXBungee]: [/[0:0:0:0:0:0:0:1%0]:37794]: Logged in as 'Mapicc4444'
[00:31:45] [Netty Worker IO Thread #0/INFO]: [/[0:0:0:0:0:0:0:1%0]:37794|Mapicc4444] -> UpstreamBridge has connected
[00:31:45] [Netty Worker IO Thread #0/INFO]: [Mapicc4444|/[0:0:0:0:0:0:0:1%0]:37794] <-> ServerConnector [lobby] has connected
[00:33:48] [Netty Worker IO Thread #0/INFO]: [/[0:0:0:0:0:0:0:1%0]:37794|Mapicc4444] -> UpstreamBridge has disconnected
[00:33:48] [Netty Worker IO Thread #0/INFO]: [Mapicc4444] disconnected with: Proxy lost connection to server.
[00:33:48] [Netty Worker IO Thread #0/INFO]: [/[0:0:0:0:0:0:0:1%0]:37794|Mapicc4444] <-> DownstreamBridge <-> [lobby] has disconnected
[00:34:32] [Netty Worker IO Thread #3/INFO] [EaglercraftXBungee]: [/[0:0:0:0:0:0:0:1%0]:33676]: Connected via websocket
[00:34:32] [Netty Worker IO Thread #3/INFO] [EaglercraftXBungee]: [/[0:0:0:0:0:0:0:1%0]:33676]: Origin header is https://eaglercraft.q13x.com
[00:34:32] [Netty Worker IO Thread #3/INFO] [EaglercraftXBungee]: [/[0:0:0:0:0:0:0:1%0]:33676]: Logged in as 'fredbear2022'
[00:34:32] [Netty Worker IO Thread #3/INFO]: [/[0:0:0:0:0:0:0:1%0]:33676|fredbear2022] -> UpstreamBridge has connected
[00:34:32] [Netty Worker IO Thread #3/INFO]: [fredbear2022|/[0:0:0:0:0:0:0:1%0]:33676] <-> ServerConnector [lobby] has connected
[00:36:54] [Netty Worker IO Thread #1/INFO] [EaglercraftXBungee]: [/[0:0:0:0:0:0:0:1%0]:40776]: Connected via websocket
[00:36:54] [Netty Worker IO Thread #1/INFO] [EaglercraftXBungee]: [/[0:0:0:0:0:0:0:1%0]:40776]: Origin header is https://eaglercraft.com
[00:36:54] [Netty Worker IO Thread #1/INFO] [EaglercraftXBungee]: [/[0:0:0:0:0:0:0:1%0]:40776]: Logged in as 'Invisibleman'
[00:36:54] [Netty Worker IO Thread #1/INFO]: [/[0:0:0:0:0:0:0:1%0]:40776|Invisibleman] -> UpstreamBridge has connected
[00:36:54] [Netty Worker IO Thread #1/INFO]: [Invisibleman|/[0:0:0:0:0:0:0:1%0]:40776] <-> ServerConnector [lobby] has connected
[00:37:08] [Netty Worker IO Thread #3/INFO]: [fredbear2022] disconnected with: Proxy lost connection to server.
[00:37:08] [Netty Worker IO Thread #3/INFO]: [/[0:0:0:0:0:0:0:1%0]:33676|fredbear2022] <-> DownstreamBridge <-> [lobby] has disconnected
[00:37:08] [Netty Worker IO Thread #3/INFO]: [/[0:0:0:0:0:0:0:1%0]:33676|fredbear2022] -> UpstreamBridge has disconnected
[00:40:14] [Netty Worker IO Thread #3/INFO] [EaglercraftXBungee]: [/[0:0:0:0:0:0:0:1%0]:54228]: Connected via websocket
[00:40:14] [Netty Worker IO Thread #3/INFO] [EaglercraftXBungee]: [/[0:0:0:0:0:0:0:1%0]:54228]: Origin header is https://eaglercraft.q13x.com
[00:40:15] [Netty Worker IO Thread #3/INFO] [EaglercraftXBungee]: [/[0:0:0:0:0:0:0:1%0]:54228]: Logged in as 'fredbear2022'
[00:40:15] [Netty Worker IO Thread #3/INFO]: [/[0:0:0:0:0:0:0:1%0]:54228|fredbear2022] -> UpstreamBridge has connected
[00:40:15] [Netty Worker IO Thread #3/INFO]: [fredbear2022|/[0:0:0:0:0:0:0:1%0]:54228] <-> ServerConnector [lobby] has connected
[00:44:32] [Netty Worker IO Thread #3/INFO] [EaglercraftXBungee]: [/[0:0:0:0:0:0:0:1%0]:36160]: Connected via websocket
[00:44:32] [Netty Worker IO Thread #3/INFO] [EaglercraftXBungee]: [/[0:0:0:0:0:0:0:1%0]:36160]: Origin header is https://eaglercraft.com
[00:44:32] [Netty Worker IO Thread #3/INFO] [EaglercraftXBungee]: [/[0:0:0:0:0:0:0:1%0]:36160]: Logged in as 'Begon_99'
[00:44:32] [Netty Worker IO Thread #3/INFO]: [/[0:0:0:0:0:0:0:1%0]:36160|Begon_99] -> UpstreamBridge has connected
[00:44:32] [Netty Worker IO Thread #3/INFO]: [Begon_99|/[0:0:0:0:0:0:0:1%0]:36160] <-> ServerConnector [lobby] has connected
[00:45:02] [Netty Worker IO Thread #3/INFO]: [Begon_99] disconnected with: Login timed out!
[00:45:02] [Netty Worker IO Thread #3/INFO]: [/[0:0:0:0:0:0:0:1%0]:36160|Begon_99] -> UpstreamBridge has disconnected
[00:45:02] [Netty Worker IO Thread #3/INFO]: [/[0:0:0:0:0:0:0:1%0]:36160|Begon_99] <-> DownstreamBridge <-> [lobby] has disconnected
[00:45:06] [Netty Worker IO Thread #1/INFO]: [/[0:0:0:0:0:0:0:1%0]:40776|Invisibleman] -> UpstreamBridge has disconnected
[00:45:06] [Netty Worker IO Thread #1/INFO]: [Invisibleman] disconnected with: Proxy lost connection to server.
[00:45:06] [Netty Worker IO Thread #1/INFO]: [/[0:0:0:0:0:0:0:1%0]:40776|Invisibleman] <-> DownstreamBridge <-> [lobby] has disconnected
[01:03:36] [Netty Worker IO Thread #3/INFO]: [/[0:0:0:0:0:0:0:1%0]:54228|fredbear2022] -> UpstreamBridge has disconnected
[01:03:36] [Netty Worker IO Thread #3/INFO]: [fredbear2022] disconnected with: Proxy lost connection to server.
[01:03:36] [Netty Worker IO Thread #3/INFO]: [/[0:0:0:0:0:0:0:1%0]:54228|fredbear2022] <-> DownstreamBridge <-> [lobby] has disconnected
[01:10:32] [Netty Worker IO Thread #3/INFO] [EaglercraftXBungee]: [/[0:0:0:0:0:0:0:1%0]:37602]: Connected via websocket
[01:10:32] [Netty Worker IO Thread #3/INFO] [EaglercraftXBungee]: [/[0:0:0:0:0:0:0:1%0]:37602]: Origin header is https://eaglercraft.com
[01:10:33] [Netty Worker IO Thread #3/INFO] [EaglercraftXBungee]: [/[0:0:0:0:0:0:0:1%0]:37602]: Logged in as 'Invisibleman'
[01:10:33] [Netty Worker IO Thread #3/INFO]: [/[0:0:0:0:0:0:0:1%0]:37602|Invisibleman] -> UpstreamBridge has connected
[01:10:33] [Netty Worker IO Thread #3/INFO]: [Invisibleman|/[0:0:0:0:0:0:0:1%0]:37602] <-> ServerConnector [lobby] has connected
[01:10:57] [Netty Worker IO Thread #0/INFO] [EaglercraftXBungee]: [/[0:0:0:0:0:0:0:1%0]:46070]: Connected via websocket
[01:10:57] [Netty Worker IO Thread #0/INFO] [EaglercraftXBungee]: [/[0:0:0:0:0:0:0:1%0]:46070]: Origin header is https://eaglercraft.com
[01:10:57] [Netty Worker IO Thread #0/INFO] [EaglercraftXBungee]: [/[0:0:0:0:0:0:0:1%0]:46070]: Logged in as 'Begon_99'
[01:10:57] [Netty Worker IO Thread #0/INFO]: [/[0:0:0:0:0:0:0:1%0]:46070|Begon_99] -> UpstreamBridge has connected
[01:10:57] [Netty Worker IO Thread #0/INFO]: [Begon_99|/[0:0:0:0:0:0:0:1%0]:46070] <-> ServerConnector [lobby] has connected
[01:12:21] [Netty Worker IO Thread #3/INFO] [EaglercraftXBungee]: [/[0:0:0:0:0:0:0:1%0]:60028]: Connected via websocket
[01:12:21] [Netty Worker IO Thread #3/INFO] [EaglercraftXBungee]: [/[0:0:0:0:0:0:0:1%0]:60028]: Origin header is https://eaglercraft.com
[01:12:21] [Netty Worker IO Thread #3/INFO] [EaglercraftXBungee]: [/[0:0:0:0:0:0:0:1%0]:60028]: Logged in as 'Mapicc444'
[01:12:21] [Netty Worker IO Thread #3/INFO]: [/[0:0:0:0:0:0:0:1%0]:60028|Mapicc444] -> UpstreamBridge has connected
[01:12:21] [Netty Worker IO Thread #3/INFO]: [Mapicc444|/[0:0:0:0:0:0:0:1%0]:60028] <-> ServerConnector [lobby] has connected
[01:13:09] [Netty Worker IO Thread #1/INFO] [EaglercraftXBungee]: [/[0:0:0:0:0:0:0:1%0]:46366]: Connected via websocket
[01:13:09] [Netty Worker IO Thread #1/INFO] [EaglercraftXBungee]: [/[0:0:0:0:0:0:0:1%0]:46366]: Origin header is https://eaglercraft.q13x.com
[01:13:09] [Netty Worker IO Thread #1/INFO] [EaglercraftXBungee]: [/[0:0:0:0:0:0:0:1%0]:46366]: Logged in as 'fredbear2022'
[01:13:09] [Netty Worker IO Thread #1/INFO]: [/[0:0:0:0:0:0:0:1%0]:46366|fredbear2022] -> UpstreamBridge has connected
[01:13:09] [Netty Worker IO Thread #1/INFO]: [fredbear2022|/[0:0:0:0:0:0:0:1%0]:46366] <-> ServerConnector [lobby] has connected
[01:13:58] [Netty Worker IO Thread #3/INFO]: [/[0:0:0:0:0:0:0:1%0]:60028|Mapicc444] -> UpstreamBridge has disconnected
[01:13:58] [Netty Worker IO Thread #3/INFO]: [Mapicc444] disconnected with: Proxy lost connection to server.
[01:13:58] [Netty Worker IO Thread #3/INFO]: [/[0:0:0:0:0:0:0:1%0]:60028|Mapicc444] <-> DownstreamBridge <-> [lobby] has disconnected
[01:14:22] [Netty Worker IO Thread #3/INFO]: [/[0:0:0:0:0:0:0:1%0]:37602|Invisibleman] -> UpstreamBridge has disconnected
[01:14:22] [Netty Worker IO Thread #3/INFO]: [Invisibleman] disconnected with: Proxy lost connection to server.
[01:14:22] [Netty Worker IO Thread #3/INFO]: [/[0:0:0:0:0:0:0:1%0]:37602|Invisibleman] <-> DownstreamBridge <-> [lobby] has disconnected
[01:15:41] [Netty Worker IO Thread #1/INFO]: [/[0:0:0:0:0:0:0:1%0]:46366|fredbear2022] -> UpstreamBridge has disconnected
[01:15:41] [Netty Worker IO Thread #1/INFO]: [fredbear2022] disconnected with: Proxy lost connection to server.
[01:15:41] [Netty Worker IO Thread #1/INFO]: [/[0:0:0:0:0:0:0:1%0]:46366|fredbear2022] <-> DownstreamBridge <-> [lobby] has disconnected
[01:20:07] [Netty Worker IO Thread #0/INFO]: [Begon_99] disconnected with: Proxy lost connection to server.
[01:20:07] [Netty Worker IO Thread #0/INFO]: [/[0:0:0:0:0:0:0:1%0]:46070|Begon_99] <-> DownstreamBridge <-> [lobby] has disconnected
[01:20:07] [Netty Worker IO Thread #0/INFO]: [/[0:0:0:0:0:0:0:1%0]:46070|Begon_99] -> UpstreamBridge has disconnected
[01:25:36] [Netty Worker IO Thread #3/INFO] [EaglercraftXBungee]: [/[0:0:0:0:0:0:0:1%0]:47996]: Connected via websocket
[01:25:36] [Netty Worker IO Thread #3/INFO] [EaglercraftXBungee]: [/[0:0:0:0:0:0:0:1%0]:47996]: Origin header is https://eaglercraft.com
[01:25:36] [Netty Worker IO Thread #3/INFO] [EaglercraftXBungee]: [/[0:0:0:0:0:0:0:1%0]:47996]: Logged in as 'Begon_99'
[01:25:36] [Netty Worker IO Thread #3/INFO]: [/[0:0:0:0:0:0:0:1%0]:47996|Begon_99] -> UpstreamBridge has connected
[01:25:36] [Netty Worker IO Thread #3/INFO]: [Begon_99|/[0:0:0:0:0:0:0:1%0]:47996] <-> ServerConnector [lobby] has connected
[01:26:02] [Netty Worker IO Thread #3/INFO]: [Begon_99] disconnected with: Server closed
[01:26:02] [Netty Worker IO Thread #3/INFO]: [/[0:0:0:0:0:0:0:1%0]:47996|Begon_99] -> UpstreamBridge has disconnected
[01:26:02] [Netty Worker IO Thread #3/INFO]: [/[0:0:0:0:0:0:0:1%0]:47996|Begon_99] <-> DownstreamBridge <-> [lobby] has disconnected
[01:26:16] [Netty Worker IO Thread #2/INFO] [EaglercraftXBungee]: [/[0:0:0:0:0:0:0:1%0]:59352]: Connected via websocket
[01:26:16] [Netty Worker IO Thread #2/INFO] [EaglercraftXBungee]: [/[0:0:0:0:0:0:0:1%0]:59352]: Origin header is https://localhost:8081
[01:26:16] [Netty Worker IO Thread #2/INFO] [EaglercraftXBungee]: [/[0:0:0:0:0:0:0:1%0]:59352]: Logged in as 'BenRui'
[01:26:16] [Netty Worker IO Thread #2/INFO]: [/[0:0:0:0:0:0:0:1%0]:59352|BenRui] -> UpstreamBridge has connected
[01:26:16] [Netty Worker IO Thread #2/WARN]: Error occurred processing connection for BenRui AnnotatedConnectException : finishConnect(..) failed: Connection refused: localhost/127.0.0.1:25565
[01:26:16] [Netty Worker IO Thread #2/INFO]: [BenRui] disconnected with: Could not connect to a default or fallback server. Incorrectly configured address/port/firewall? 
[01:26:16] [Netty Worker IO Thread #2/INFO]: [/[0:0:0:0:0:0:0:1%0]:59352|BenRui] -> UpstreamBridge has disconnected
[01:26:24] [Netty Worker IO Thread #0/INFO] [EaglercraftXBungee]: [/[0:0:0:0:0:0:0:1%0]:50944]: Connected via websocket
[01:26:24] [Netty Worker IO Thread #0/INFO] [EaglercraftXBungee]: [/[0:0:0:0:0:0:0:1%0]:50944]: Origin header is https://localhost:8081
[01:26:24] [Netty Worker IO Thread #0/INFO] [EaglercraftXBungee]: [/[0:0:0:0:0:0:0:1%0]:50944]: Logged in as 'BenRui'
[01:26:24] [Netty Worker IO Thread #0/INFO]: [/[0:0:0:0:0:0:0:1%0]:50944|BenRui] -> UpstreamBridge has connected
[01:26:24] [Netty Worker IO Thread #0/WARN]: Error occurred processing connection for BenRui AnnotatedConnectException : finishConnect(..) failed: Connection refused: localhost/127.0.0.1:25565
[01:26:24] [Netty Worker IO Thread #0/INFO]: [BenRui] disconnected with: Could not connect to a default or fallback server. Incorrectly configured address/port/firewall? 
[01:26:24] [Netty Worker IO Thread #0/INFO]: [/[0:0:0:0:0:0:0:1%0]:50944|BenRui] -> UpstreamBridge has disconnected
[01:26:39] [Netty Worker IO Thread #1/INFO] [EaglercraftXBungee]: [/[0:0:0:0:0:0:0:1%0]:41156]: Connected via websocket
[01:26:39] [Netty Worker IO Thread #1/INFO] [EaglercraftXBungee]: [/[0:0:0:0:0:0:0:1%0]:41156]: Origin header is https://localhost:8081
[01:26:40] [Netty Worker IO Thread #1/INFO] [EaglercraftXBungee]: [/[0:0:0:0:0:0:0:1%0]:41156]: Logged in as 'BenRui'
[01:26:40] [Netty Worker IO Thread #1/INFO]: [/[0:0:0:0:0:0:0:1%0]:41156|BenRui] -> UpstreamBridge has connected
[01:26:40] [Netty Worker IO Thread #1/WARN]: Error occurred processing connection for BenRui AnnotatedConnectException : finishConnect(..) failed: Connection refused: localhost/127.0.0.1:25565
[01:26:40] [Netty Worker IO Thread #1/INFO]: [BenRui] disconnected with: Could not connect to a default or fallback server. Incorrectly configured address/port/firewall? 
[01:26:40] [Netty Worker IO Thread #1/INFO]: [/[0:0:0:0:0:0:0:1%0]:41156|BenRui] -> UpstreamBridge has disconnected
[01:26:49] [Netty Worker IO Thread #2/INFO] [EaglercraftXBungee]: [/[0:0:0:0:0:0:0:1%0]:51308]: Connected via websocket
[01:26:49] [Netty Worker IO Thread #2/INFO] [EaglercraftXBungee]: [/[0:0:0:0:0:0:0:1%0]:51308]: Origin header is https://localhost:8081
[01:26:49] [Netty Worker IO Thread #2/INFO] [EaglercraftXBungee]: [/[0:0:0:0:0:0:0:1%0]:51308]: Logged in as 'BenRui'
[01:26:49] [Netty Worker IO Thread #2/INFO]: [/[0:0:0:0:0:0:0:1%0]:51308|BenRui] -> UpstreamBridge has connected
[01:26:49] [Netty Worker IO Thread #2/WARN]: Error occurred processing connection for BenRui AnnotatedConnectException : finishConnect(..) failed: Connection refused: localhost/127.0.0.1:25565
[01:26:49] [Netty Worker IO Thread #2/INFO]: [BenRui] disconnected with: Could not connect to a default or fallback server. Incorrectly configured address/port/firewall? 
[01:26:49] [Netty Worker IO Thread #2/INFO]: [/[0:0:0:0:0:0:0:1%0]:51308|BenRui] -> UpstreamBridge has disconnected
[01:27:01] [Netty Worker IO Thread #0/INFO] [EaglercraftXBungee]: [/[0:0:0:0:0:0:0:1%0]:45622]: Connected via websocket
[01:27:01] [Netty Worker IO Thread #0/INFO] [EaglercraftXBungee]: [/[0:0:0:0:0:0:0:1%0]:45622]: Origin header is https://eaglercraft.q13x.com
[01:27:01] [Netty Worker IO Thread #0/INFO] [EaglercraftXBungee]: [/[0:0:0:0:0:0:0:1%0]:45622]: Logged in as 'fredbear2022'
[01:27:01] [Netty Worker IO Thread #0/INFO]: [/[0:0:0:0:0:0:0:1%0]:45622|fredbear2022] -> UpstreamBridge has connected
[01:27:01] [Netty Worker IO Thread #0/WARN]: Error occurred processing connection for fredbear2022 AnnotatedConnectException : finishConnect(..) failed: Connection refused: localhost/127.0.0.1:25565
[01:27:01] [Netty Worker IO Thread #0/INFO]: [fredbear2022] disconnected with: Could not connect to a default or fallback server. Incorrectly configured address/port/firewall? 
[01:27:01] [Netty Worker IO Thread #0/INFO]: [/[0:0:0:0:0:0:0:1%0]:45622|fredbear2022] -> UpstreamBridge has disconnected
